[35m[1mScanning dependencies of target std_msgs_generate_messages_nodejs[0m
[35m[1mScanning dependencies of target std_msgs_generate_messages_lisp[0m
[35m[1mScanning dependencies of target std_msgs_generate_messages_py[0m
[35m[1mScanning dependencies of target std_msgs_generate_messages_cpp[0m
[35m[1mScanning dependencies of target _detection_msg_generate_messages_check_deps_objMessage[0m
[35m[1mScanning dependencies of target std_msgs_generate_messages_eus[0m
[  0%] Built target std_msgs_generate_messages_lisp
[  0%] Built target std_msgs_generate_messages_nodejs
[  0%] Built target std_msgs_generate_messages_py
[  0%] Built target std_msgs_generate_messages_eus
[  0%] Built target std_msgs_generate_messages_cpp
[  0%] Built target _detection_msg_generate_messages_check_deps_objMessage
[35m[1mScanning dependencies of target detection_msg_generate_messages_py[0m
[35m[1mScanning dependencies of target detection_msg_generate_messages_eus[0m
[35m[1mScanning dependencies of target detection_msg_generate_messages_cpp[0m
[35m[1mScanning dependencies of target detection_msg_generate_messages_nodejs[0m
[35m[1mScanning dependencies of target detection_msg_generate_messages_lisp[0m
[ 57%] [34m[1mGenerating Lisp code from detection_msg/objMessage.msg[0m
[ 57%] [34m[1mGenerating Python from MSG detection_msg/objMessage[0m
[ 57%] [34m[1mGenerating EusLisp code from detection_msg/objMessage.msg[0m
[ 57%] [34m[1mGenerating C++ code from detection_msg/objMessage.msg[0m
[ 85%] [34m[1mGenerating Javascript code from detection_msg/objMessage.msg[0m
[ 85%] [34m[1mGenerating EusLisp manifest code for detection_msg[0m
[ 85%] Built target detection_msg_generate_messages_lisp
[ 85%] Built target detection_msg_generate_messages_nodejs
[ 85%] Built target detection_msg_generate_messages_cpp
[100%] [34m[1mGenerating Python msg __init__.py for detection_msg[0m
[100%] Built target detection_msg_generate_messages_py
[100%] Built target detection_msg_generate_messages_eus
[35m[1mScanning dependencies of target detection_msg_generate_messages[0m
[100%] Built target detection_msg_generate_messages
